<?xml version="1.0" encoding="UTF-8"?>
<!-- Generated by org.testng.reporters.JUnitReportReporter -->
<testsuite hostname="hp" name="org.test.Sample" tests="1" failures="0" timestamp="18 Jul 2021 17:58:46 GMT" time="0.000" errors="0">
  <testcase name="test" time="0.000" classname="org.test.Sample"/>
</testsuite> <!-- org.test.Sample -->
