<?xml version="1.0" encoding="UTF-8"?>
<!-- Generated by org.testng.reporters.JUnitReportReporter -->
<testsuite hostname="hp" name="org.test.B" tests="3" failures="0" timestamp="18 Jul 2021 17:58:46 GMT" time="0.032" errors="0">
  <testcase name="testB3" time="0.016" classname="org.test.B"/>
  <testcase name="testB1" time="0.016" classname="org.test.B"/>
  <testcase name="testB2" time="0.000" classname="org.test.B"/>
</testsuite> <!-- org.test.B -->
