<?xml version="1.0" encoding="UTF-8"?>
<!-- Generated by org.testng.reporters.JUnitReportReporter -->
<testsuite hostname="hp" name="org.parameter.B" tests="3" failures="0" timestamp="27 Jul 2021 15:20:16 GMT" time="0.040" errors="0">
  <testcase name="testB2" time="0.005" classname="org.parameter.B"/>
  <testcase name="testB3" time="0.014" classname="org.parameter.B"/>
  <testcase name="testB1" time="0.021" classname="org.parameter.B"/>
</testsuite> <!-- org.parameter.B -->
