<?xml version="1.0" encoding="UTF-8"?>
<!-- Generated by org.testng.reporters.JUnitReportReporter -->
<testsuite hostname="hp" name="org.parallel.A" tests="3" failures="0" timestamp="27 Jul 2021 17:25:20 GMT" time="0.077" errors="0">
  <testcase name="testA2" time="0.047" classname="org.parallel.A"/>
  <testcase name="testA3" time="0.015" classname="org.parallel.A"/>
  <testcase name="testA1" time="0.015" classname="org.parallel.A"/>
</testsuite> <!-- org.parallel.A -->
