<?xml version="1.0" encoding="UTF-8"?>
<!-- Generated by org.testng.reporters.JUnitReportReporter -->
<testsuite hostname="hp" name="org.parallel.B" tests="3" failures="0" timestamp="27 Jul 2021 17:25:20 GMT" time="0.110" errors="0">
  <testcase name="testB2" time="0.000" classname="org.parallel.B"/>
  <testcase name="testB3" time="0.094" classname="org.parallel.B"/>
  <testcase name="testB1" time="0.016" classname="org.parallel.B"/>
</testsuite> <!-- org.parallel.B -->
