<?xml version="1.0" encoding="UTF-8"?>
<!-- Generated by org.testng.reporters.JUnitReportReporter -->
<testsuite hostname="hp" name="org.parallel.C" tests="3" failures="0" timestamp="27 Jul 2021 17:25:20 GMT" time="0.109" errors="0">
  <testcase name="testC3" time="0.047" classname="org.parallel.C"/>
  <testcase name="testC1" time="0.015" classname="org.parallel.C"/>
  <testcase name="testC2" time="0.047" classname="org.parallel.C"/>
</testsuite> <!-- org.parallel.C -->
