<?xml version="1.0" encoding="UTF-8"?>
<!-- Generated by org.testng.reporters.JUnitReportReporter -->
<testsuite hostname="hp" name="org.parameter.A" tests="3" failures="0" timestamp="27 Jul 2021 15:20:16 GMT" time="0.010" errors="0">
  <testcase name="testA1" time="0.003" classname="org.parameter.A"/>
  <testcase name="testA3" time="0.005" classname="org.parameter.A"/>
  <testcase name="testA2" time="0.002" classname="org.parameter.A"/>
</testsuite> <!-- org.parameter.A -->
