<?xml version="1.0" encoding="UTF-8"?>
<!-- Generated by org.testng.reporters.JUnitReportReporter -->
<testsuite hostname="hp" name="org.test.A" tests="3" failures="0" timestamp="18 Jul 2021 17:58:45 GMT" time="0.047" errors="0">
  <testcase name="testA1" time="0.047" classname="org.test.A"/>
  <testcase name="testA3" time="0.000" classname="org.test.A"/>
  <testcase name="testA2" time="0.000" classname="org.test.A"/>
</testsuite> <!-- org.test.A -->
