<?xml version="1.0" encoding="UTF-8"?>
<!-- Generated by org.testng.reporters.JUnitReportReporter -->
<testsuite hostname="hp" name="org.groupings.A" tests="2" failures="0" timestamp="27 Jul 2021 15:18:10 GMT" time="0.035" errors="0">
  <testcase name="testA4" time="0.024" classname="org.groupings.A"/>
  <testcase name="testA6" time="0.011" classname="org.groupings.A"/>
</testsuite> <!-- org.groupings.A -->
