<?xml version="1.0" encoding="UTF-8"?>
<!-- Generated by org.testng.reporters.JUnitReportReporter -->
<testsuite hostname="hp" name="org.data.A" tests="6" failures="0" timestamp="27 Jul 2021 16:38:33 GMT" time="0.057" errors="0">
  <testcase name="testA1" time="0.006" classname="org.data.A"/>
  <testcase name="testA1" time="0.003" classname="org.data.A"/>
  <testcase name="testA1" time="0.029" classname="org.data.A"/>
  <testcase name="testA2" time="0.004" classname="org.data.A"/>
  <testcase name="testA1" time="0.004" classname="org.data.A"/>
  <testcase name="testA3" time="0.011" classname="org.data.A"/>
</testsuite> <!-- org.data.A -->
